<?xml version="1.0" encoding="UTF-8"?>
<testng-results skipped="0" failed="0" ignored="0" total="1" passed="1">
  <reporter-output>
  </reporter-output>
  <suite name="Default suite" duration-ms="3129" started-at="2020-05-15T18:36:55Z" finished-at="2020-05-15T18:36:58Z">
    <groups>
    </groups>
    <test name="Default test" duration-ms="3129" started-at="2020-05-15T18:36:55Z" finished-at="2020-05-15T18:36:58Z">
      <class name="RESTBDDTests.GETTest">
        <test-method status="PASS" signature="getTest()[pri:0, instance:RESTBDDTests.GETTest@5e5792a0]" name="getTest" duration-ms="3084" started-at="2020-05-15T18:36:55Z" finished-at="2020-05-15T18:36:58Z">
          <reporter-output>
          </reporter-output>
        </test-method> <!-- getTest -->
      </class> <!-- RESTBDDTests.GETTest -->
    </test> <!-- Default test -->
  </suite> <!-- Default suite -->
</testng-results>
